10/19/2017 11:24:28 am anthony-VirtualBox Error occured in /home/anthony/git/it490project/testLog.php LINE 11 TEST

10/19/2017 06:55:32 pm anthony-VirtualBox Error occured in /home/anthony/git/it490project/testLog.php LINE 11 TEST

10/19/2017 06:56:05 pm anthony-VirtualBox Error occured in /home/anthony/git/it490project/testLog.php LINE 11 TEST

10/19/2017 07:51:30 pm yaghsha-VirtualBox Error occured in /home/yaghsha/git/project490/it490project/testLog.php LINE 11 TEST

10/19/2017 09:34:23 pm yaghsha-VirtualBox Error occured in /home/yaghsha/git/project490/it490project/testLog.php LINE 11 TEST

10/24/2017 10:41:30 am manish-VirtualBox Error occured in /home/manish/git/it490project/testLog.php LINE 11 TEST

10/24/2017 11:11:49 am manish-VirtualBox Error occured in /home/manish/git/it490project/testLog.php LINE 11 TEST


12/20/2017 12:26:32 pm anthony-VirtualBox Error occured in /home/anthony/git/it490project/testLog.php LINE 11 TEST

12/20/2017 12:29:47 pm manish-VirtualBox Error occured in /home/manish/git/it490project/testLog.php LINE 11 TEST

12/20/2017 12:29:54 pm shannon-VirtualBox Error occured in /home/shannon/Documents/IT490/it490project/testLog.php LINE 11 TEST

12/20/2017 12:30:18 pm anthony-VirtualBox Error occured in /home/anthony/git/it490project/testLog.php LINE 11 TEST

12/20/2017 12:35:11 pm manish-VirtualBox Error occured in /home/manish/git/it490project/testLog.php LINE 11 TEST

12/20/2017 12:39:11 pm manish-VirtualBox Error occured in /home/manish/git/it490project/testLog.php LINE 11 TEST

12/20/2017 12:46:06 pm anthony-VirtualBox Error occured in /home/anthony/git/it490project/testLog.php LINE 11 TEST

12/20/2017 12:46:30 pm anthony-VirtualBox Error occured in /home/anthony/git/it490project/testLog.php LINE 11 TEST

12/20/2017 12:46:30 pm anthony-VirtualBox Error occured in /home/anthony/git/it490project/testLog.php LINE 11 TEST

12/20/2017 12:47:44 pm manish-VirtualBox Error occured in /home/manish/git/it490project/testLog.php LINE 11 TEST

12/20/2017 01:10:08 pm manish-VirtualBox Error occured in /home/manish/git/it490project/testLog.php LINE 11 TEST

12/20/2017 01:24:15 pm anthony-VirtualBox Error occured in /home/anthony/git/it490project/testLog.php LINE 11 TEST

12/20/2017 01:24:15 pm anthony-VirtualBox Error occured in /home/anthony/git/it490project/testLog.php LINE 11 TEST

12/20/2017 01:29:26 pm anthony-VirtualBox Error occured in /home/anthony/git/it490project/testLog.php LINE 11 TEST

12/20/2017 01:29:26 pm anthony-VirtualBox Error occured in /home/anthony/git/it490project/testLog.php LINE 11 TEST

12/20/2017 01:35:03 pm anthony-VirtualBox Error occured in /home/anthony/git/it490project/testLog.php LINE 11 TEST

12/20/2017 01:35:03 pm anthony-VirtualBox Error occured in /home/anthony/git/it490project/testLog.php LINE 11 TEST

12/20/2017 02:06:40 pm anthony-VirtualBox Error occured in /home/anthony/git/it490project/testLog.php LINE 11 TEST

12/20/2017 02:07:01 pm anthony-VirtualBox Error occured in /home/anthony/git/it490project/testLog.php LINE 11 TEST

12/20/2017 02:10:13 pm anthony-VirtualBox Error occured in /home/anthony/git/it490project/testLog.php LINE 11 TEST

12/20/2017 02:11:07 pm anthony-VirtualBox Error occured in /home/anthony/git/it490project/testLog.php LINE 11 TEST

12/20/2017 02:11:07 pm anthony-VirtualBox Error occured in /home/anthony/git/it490project/testLog.php LINE 11 TEST

12/20/2017 02:11:51 pm anthony-VirtualBox Error occured in /home/anthony/git/it490project/testLog.php LINE 11 TEST

12/20/2017 02:11:51 pm anthony-VirtualBox Error occured in /home/anthony/git/it490project/testLog.php LINE 11 TEST

12/20/2017 02:12:27 pm anthony-VirtualBox Error occured in /home/anthony/git/it490project/testLog.php LINE 11 TEST

12/20/2017 02:12:27 pm anthony-VirtualBox Error occured in /home/anthony/git/it490project/testLog.php LINE 11 TEST

12/20/2017 02:13:20 pm anthony-VirtualBox Error occured in /home/anthony/git/it490project/testLog.php LINE 11 TEST

12/20/2017 02:13:20 pm anthony-VirtualBox Error occured in /home/anthony/git/it490project/testLog.php LINE 11 TEST

12/20/2017 02:15:15 pm anthony-VirtualBox Error occured in /home/anthony/git/it490project/testLog.php LINE 11 TEST

12/20/2017 02:15:15 pm anthony-VirtualBox Error occured in /home/anthony/git/it490project/testLog.php LINE 11 TEST

12/20/2017 03:03:50 pm anthony-VirtualBox Error occured in /home/anthony/git/it490project/testLog.php LINE 11 TEST

12/20/2017 03:05:21 pm anthony-VirtualBox Error occured in /home/anthony/git/it490project/testLog.php LINE 11 TEST

12/20/2017 03:06:48 pm anthony-VirtualBox Error occured in /home/anthony/git/it490project/testLog.php LINE 11 TEST

12/20/2017 03:08:31 pm anthony-VirtualBox Error occured in /home/anthony/git/it490project/testLog.php LINE 11 TEST

12/20/2017 03:10:44 pm anthony-VirtualBox Error occured in /home/anthony/git/it490project/testLog.php LINE 11 TEST

12/21/2017 12:19:04 am anthony-VirtualBox Error occured in /home/anthony/git/it490project/testLog.php LINE 11 TEST

12/21/2017 12:20:12 am anthony-VirtualBox Error occured in /home/anthony/git/it490project/testLog.php LINE 11 TEST

12/21/2017 12:23:47 am anthony-VirtualBox Error occured in /home/anthony/git/it490project/testLog.php LINE 11 TEST

12/21/2017 12:25:08 am anthony-VirtualBox Error occured in /home/anthony/git/it490project/testLog.php LINE 11 TEST

12/21/2017 12:25:16 am anthony-VirtualBox Error occured in /home/anthony/git/it490project/testLog.php LINE 11 TEST

12/21/2017 12:30:00 am anthony-VirtualBox Error occured in /home/anthony/git/it490project/testLog.php LINE 11 TEST

